
==============================================================================
lazy:                                           require("lazy.health").check()

lazy.nvim ~
- {lazy.nvim} version `11.17.5`
- ✅ OK {git} `version 2.50.1 (Apple Git-155)`
- ✅ OK no existing packages found by other package managers
- ✅ OK packer_compiled.lua not found

luarocks ~
- checking `hererocks` installation
- ✅ OK no plugins require `luarocks`, so you can ignore any warnings below
- ✅ OK {python3} `Python 3.13.3`
- ❌ ERROR {/Users/tony/.local/share/nvim/lazy-rocks/hererocks/bin/luarocks} not installed
- ⚠️ WARNING {/Users/tony/.local/share/nvim/lazy-rocks/hererocks/bin/lua} version `5.1` not installed
- ⚠️ WARNING Lazy won't be able to install plugins that require `luarocks`.
  Here's what you can do:
   - fix your `luarocks` installation
   - disable *hererocks* with `opts.rocks.hererocks = false`
   - disable `luarocks` support completely with `opts.rocks.enabled = false`

==============================================================================
vim.deprecated:                       require("vim.deprecated.health").check()

- ✅ OK No deprecated functions detected

==============================================================================
vim.health:                               require("vim.health.health").check()

Configuration ~
- ✅ OK no issues found

Runtime ~
- ✅ OK $VIMRUNTIME: /opt/homebrew/Cellar/neovim/0.11.1/share/nvim/runtime

Performance ~
- ✅ OK Build type: Release

Remote Plugins ~
- ✅ OK Up to date

terminal ~
- key_backspace (kbs) terminfo entry: `key_backspace=^H`
- key_dc (kdch1) terminfo entry: `key_dc=\E[3~`
- $TERM_PROGRAM="Tabby"
- $COLORTERM="truecolor"

External Tools ~
- ✅ OK ripgrep 14.1.1 (/opt/homebrew/bin/rg)

==============================================================================
vim.lsp:                                     require("vim.lsp.health").check()

- LSP log level : WARN
- Log path: /Users/tony/.local/state/nvim/lsp.log
- Log size: 14230 KB

vim.lsp: Active Clients ~
- No active clients

vim.lsp: Enabled Configurations ~

vim.lsp: File Watcher ~
- file watching "(workspace/didChangeWatchedFiles)" disabled on all clients

vim.lsp: Position Encodings ~
- No active clients

==============================================================================
vim.provider:                           require("vim.provider.health").check()

Clipboard (optional) ~
- ✅ OK Clipboard tool found: pbcopy

Node.js provider (optional) ~
- Node.js: v24.7.0

- ⚠️ WARNING Missing "neovim" npm (or yarn, pnpm) package.
  - ADVICE:
    - Run in shell: npm install -g neovim
    - Run in shell (if you use yarn): yarn global add neovim
    - Run in shell (if you use pnpm): pnpm install -g neovim
    - You may disable this provider (and warning) by adding `let g:loaded_node_provider = 0` to your init.vim

Perl provider (optional) ~
- ⚠️ WARNING "Neovim::Ext" cpan module is not installed
  - ADVICE:
    - See :help |provider-perl| for more information.
    - You can disable this provider (and warning) by adding `let g:loaded_perl_provider = 0` to your init.vim
- ⚠️ WARNING No usable perl executable found

Python 3 provider (optional) ~
- pyenv: Path: /opt/homebrew/Cellar/pyenv/2.5.5/libexec/pyenv
- pyenv: Root: /Users/tony/.pyenv
- ⚠️ WARNING No Python executable found that can `import neovim`. Using the first available executable for diagnostics.
- ⚠️ WARNING Could not load Python :
  /opt/homebrew/bin/python3 does not have the "neovim" module.
  /opt/homebrew/bin/python3.13 does not have the "neovim" module.
  /opt/homebrew/bin/python3.12 does not have the "neovim" module.
  python3.11 not found in search path or not executable.
  python3.10 not found in search path or not executable.
  python3.9 not found in search path or not executable.
  python not found in search path or not executable.
  - ADVICE:
    - See :help |provider-python| for more information.
    - You can disable this provider (and warning) by adding `let g:loaded_python3_provider = 0` to your init.vim
- Executable: Not found

Python virtualenv ~
- ✅ OK no $VIRTUAL_ENV

Ruby provider (optional) ~
- Ruby: ruby 2.6.10p210 (2022-04-12 revision 67958) [universal.arm64e-darwin24]
- ⚠️ WARNING `neovim-ruby-host` not found.
  - ADVICE:
    - Run `gem install neovim` to ensure the neovim RubyGem is installed.
    - Run `gem environment` to ensure the gem bin directory is in $PATH.
    - If you are using rvm/rbenv/chruby, try "rehashing".
    - See :help |g:ruby_host_prog| for non-standard gem installations.
    - You can disable this provider (and warning) by adding `let g:loaded_ruby_provider = 0` to your init.vim

==============================================================================
vim.treesitter:                       require("vim.treesitter.health").check()

Treesitter features ~
- Treesitter ABI support: min 13, max 15
- WASM parser support: false

Treesitter parsers ~
- ✅ OK Parser: c                    ABI: 14, path: /opt/homebrew/Cellar/neovim/0.11.1/lib/nvim/parser/c.so
- ✅ OK Parser: lua                  ABI: 14, path: /opt/homebrew/Cellar/neovim/0.11.1/lib/nvim/parser/lua.so
- ✅ OK Parser: markdown             ABI: 14, path: /opt/homebrew/Cellar/neovim/0.11.1/lib/nvim/parser/markdown.so
- ✅ OK Parser: markdown_inline      ABI: 14, path: /opt/homebrew/Cellar/neovim/0.11.1/lib/nvim/parser/markdown_inline.so
- ✅ OK Parser: query                ABI: 14, path: /opt/homebrew/Cellar/neovim/0.11.1/lib/nvim/parser/query.so
- ✅ OK Parser: vim                  ABI: 14, path: /opt/homebrew/Cellar/neovim/0.11.1/lib/nvim/parser/vim.so
- ✅ OK Parser: vimdoc               ABI: 14, path: /opt/homebrew/Cellar/neovim/0.11.1/lib/nvim/parser/vimdoc.so

